TN:
SF:src/background/index.ts
FN:11,(anonymous_0)
FN:19,(anonymous_1)
FN:21,(anonymous_2)
FN:36,(anonymous_3)
FNF:4
FNH:4
FNDA:7,(anonymous_0)
FNDA:7,(anonymous_1)
FNDA:1,(anonymous_2)
FNDA:5,(anonymous_3)
DA:1,1
DA:8,1
DA:12,7
DA:13,7
DA:20,7
DA:21,7
DA:22,1
DA:24,1
DA:41,5
DA:42,5
DA:44,2
DA:49,1
DA:50,1
DA:54,1
DA:57,1
DA:58,1
DA:64,1
DA:65,1
DA:68,1
DA:69,1
DA:72,1
DA:73,1
LF:22
LH:22
BRDA:11,0,0,0
BRDA:20,1,0,7
BRDA:20,2,0,7
BRDA:20,2,1,7
BRDA:20,2,2,7
BRDA:42,3,0,2
BRDA:42,3,1,1
BRDA:42,3,2,1
BRDA:42,3,3,1
BRDA:42,3,4,1
BRDA:47,4,0,2
BRDA:47,4,1,1
BRDA:75,5,0,1
BRDA:75,5,1,0
BRF:14
BRH:12
end_of_record
TN:
SF:src/background/native-bridge.ts
FN:44,(anonymous_0)
FN:55,(anonymous_1)
FN:56,(anonymous_2)
FN:60,(anonymous_3)
FN:92,(anonymous_4)
FN:106,(anonymous_5)
FN:120,(anonymous_6)
FN:134,(anonymous_7)
FNF:8
FNH:8
FNDA:13,(anonymous_0)
FNDA:11,(anonymous_1)
FNDA:11,(anonymous_2)
FNDA:11,(anonymous_3)
FNDA:2,(anonymous_4)
FNDA:2,(anonymous_5)
FNDA:7,(anonymous_6)
FNDA:3,(anonymous_7)
DA:14,2
DA:44,2
DA:45,13
DA:56,11
DA:57,11
DA:61,11
DA:63,2
DA:64,2
DA:68,2
DA:71,9
DA:72,1
DA:76,1
DA:79,8
DA:93,2
DA:107,2
DA:121,7
DA:135,3
DA:136,3
DA:137,2
DA:139,1
LF:20
LH:20
BRDA:61,0,0,2
BRDA:66,1,0,2
BRDA:66,1,1,1
BRDA:71,2,0,1
BRF:4
BRH:4
end_of_record
TN:
SF:src/content/index.ts
FN:20,detectPlatform
FN:37,initialize
FN:63,cleanup
FN:73,setup
FNF:4
FNH:4
FNDA:9,detectPlatform
FNDA:5,initialize
FNDA:2,cleanup
FNDA:2,setup
DA:7,1
DA:8,1
DA:9,1
DA:14,1
DA:15,1
DA:20,1
DA:21,9
DA:23,9
DA:24,4
DA:27,5
DA:28,3
DA:31,2
DA:37,1
DA:38,5
DA:39,5
DA:41,5
DA:42,1
DA:43,1
DA:47,4
DA:50,4
DA:51,3
DA:52,1
DA:53,1
DA:56,1
DA:63,1
DA:64,2
DA:65,1
DA:66,1
DA:73,1
DA:74,2
DA:75,1
DA:77,1
DA:80,2
LF:33
LH:33
BRDA:23,0,0,4
BRDA:27,1,0,3
BRDA:27,2,0,5
BRDA:27,2,1,3
BRDA:41,3,0,1
BRDA:50,4,0,3
BRDA:50,4,1,1
BRDA:52,5,0,1
BRDA:64,6,0,1
BRDA:74,7,0,1
BRDA:74,7,1,1
BRF:11
BRH:11
end_of_record
TN:
SF:src/content/observer.ts
FN:24,(anonymous_0)
FN:31,(anonymous_1)
FN:42,(anonymous_2)
FN:50,(anonymous_3)
FN:61,(anonymous_4)
FN:69,(anonymous_5)
FN:81,(anonymous_6)
FN:92,(anonymous_7)
FN:99,(anonymous_8)
FN:118,(anonymous_9)
FN:127,(anonymous_10)
FN:134,(anonymous_11)
FN:141,(anonymous_12)
FNF:13
FNH:13
FNDA:32,(anonymous_0)
FNDA:3,(anonymous_1)
FNDA:1,(anonymous_2)
FNDA:7,(anonymous_3)
FNDA:1,(anonymous_4)
FNDA:2,(anonymous_5)
FNDA:1,(anonymous_6)
FNDA:11,(anonymous_7)
FNDA:4,(anonymous_8)
FNDA:10,(anonymous_9)
FNDA:2,(anonymous_10)
FNDA:2,(anonymous_11)
FNDA:2,(anonymous_12)
DA:16,4
DA:19,32
DA:20,32
DA:21,32
DA:22,32
DA:25,32
DA:32,3
DA:34,3
DA:43,1
DA:51,7
DA:52,7
DA:54,7
DA:62,1
DA:70,2
DA:74,2
DA:82,1
DA:85,2
DA:86,2
DA:93,11
DA:100,4
DA:101,3
DA:102,3
DA:104,1
DA:107,4
DA:109,4
DA:110,1
DA:111,1
DA:119,10
DA:120,10
DA:121,10
DA:128,2
DA:135,2
DA:142,2
DA:143,1
DA:145,1
LF:35
LH:35
BRDA:70,0,0,1
BRDA:70,0,1,1
BRDA:78,1,0,2
BRDA:78,1,1,1
BRDA:109,2,0,1
BRDA:142,3,0,1
BRF:6
BRH:6
end_of_record
TN:
SF:src/content/detectors/meet.ts
FN:48,isGoogleMeetActive
FN:78,extractMeetingTitle
FN:96,extractParticipantCount
FN:109,detectGoogleMeet
FN:121,checkForCall
FN:144,(anonymous_5)
FN:167,(anonymous_6)
FNF:7
FNH:7
FNDA:15,isGoogleMeetActive
FNDA:7,extractMeetingTitle
FNDA:2,extractParticipantCount
FNDA:9,detectGoogleMeet
FNDA:11,checkForCall
FNDA:1,(anonymous_5)
FNDA:2,(anonymous_6)
DA:17,2
DA:48,2
DA:50,15
DA:51,14
DA:52,5
DA:56,9
DA:57,9
DA:58,1
DA:62,8
DA:63,8
DA:64,1
DA:67,7
DA:78,2
DA:80,7
DA:81,7
DA:82,1
DA:86,6
DA:96,2
DA:97,2
DA:98,2
DA:109,2
DA:111,9
DA:112,9
DA:122,11
DA:124,10
DA:126,4
DA:127,4
DA:128,4
DA:129,6
DA:131,1
DA:132,1
DA:137,9
DA:141,8
DA:144,8
DA:146,1
DA:147,1
DA:152,1
DA:153,1
DA:159,8
DA:167,8
DA:168,2
DA:169,2
DA:171,2
LF:43
LH:43
BRDA:51,0,0,5
BRDA:57,1,0,1
BRDA:63,2,0,1
BRDA:81,3,0,1
BRDA:82,4,0,1
BRDA:82,4,1,0
BRDA:86,5,0,6
BRDA:86,5,1,0
BRDA:124,6,0,4
BRDA:124,6,1,6
BRDA:124,7,0,10
BRDA:124,7,1,4
BRDA:129,8,0,1
BRDA:129,9,0,6
BRDA:129,9,1,6
BRDA:147,10,0,1
BRDA:148,11,0,1
BRDA:148,11,1,0
BRDA:148,11,2,0
BRDA:168,12,0,2
BRF:20
BRH:16
end_of_record
TN:
SF:src/content/detectors/teams.ts
FN:50,isMSTeamsActive
FN:79,extractMeetingTitle
FN:98,extractParticipantCount
FN:111,detectMSTeams
FN:123,checkForCall
FN:145,(anonymous_5)
FN:168,(anonymous_6)
FNF:7
FNH:7
FNDA:13,isMSTeamsActive
FNDA:8,extractMeetingTitle
FNDA:2,extractParticipantCount
FNDA:7,detectMSTeams
FNDA:9,checkForCall
FNDA:1,(anonymous_5)
FNDA:1,(anonymous_6)
DA:17,2
DA:50,2
DA:52,13
DA:53,13
DA:54,1
DA:58,12
DA:59,12
DA:60,6
DA:64,6
DA:65,6
DA:66,1
DA:69,5
DA:79,2
DA:81,8
DA:82,8
DA:83,8
DA:84,1
DA:88,7
DA:98,2
DA:99,2
DA:100,2
DA:111,2
DA:113,7
DA:114,7
DA:124,9
DA:126,9
DA:128,4
DA:129,4
DA:130,4
DA:131,5
DA:133,1
DA:134,1
DA:139,7
DA:142,7
DA:145,7
DA:147,1
DA:148,1
DA:153,1
DA:154,1
DA:160,7
DA:168,7
DA:169,1
DA:170,1
DA:172,1
LF:44
LH:44
BRDA:53,0,0,1
BRDA:59,1,0,6
BRDA:65,2,0,1
BRDA:83,3,0,1
BRDA:88,4,0,7
BRDA:88,4,1,0
BRDA:126,5,0,4
BRDA:126,5,1,5
BRDA:126,6,0,9
BRDA:126,6,1,4
BRDA:131,7,0,1
BRDA:131,8,0,5
BRDA:131,8,1,5
BRDA:148,9,0,1
BRDA:149,10,0,1
BRDA:149,10,1,0
BRDA:149,10,2,0
BRDA:169,11,0,1
BRF:18
BRH:15
end_of_record
